<?xml version="1.0" encoding="UTF-8"?>
<!-- Generated by org.testng.reporters.JUnitXMLReporter -->
<testsuite ignored="0" hostname="DESKTOP-E4BMV6L" failures="0" tests="5" name="Default test" time="29.711" errors="0" timestamp="2024-04-29T10:21:46 BDT">
  <testcase classname="testcases.LogInPageTest" name="loginpagetitle" time="4.723"/>
  <testcase classname="testcases.LogInPageTest" name="enabletextfield" time="4.791"/>
  <testcase classname="testcases.LogInPageTest" name="enabletextfield2" time="3.076"/>
  <testcase classname="testcases.LogInPageTest" name="enablebutton" time="3.182"/>
  <testcase classname="testcases.LogInPageTest" name="inputlogindetails" time="11.602"/>
</testsuite> <!-- Default test -->
